
CT Sweep1[1] <EvenBenjamin_lib:ads1oppg1:schematic>   Lvar=(2e-09->5e-09)

SP Sweep1[1].SP1[1/16] <EvenBenjamin_lib:ads1oppg1:schematic>  Lvar=2e-09  freq=2 GHz
.

SP Sweep1[1].SP1[2/16] <EvenBenjamin_lib:ads1oppg1:schematic>  Lvar=2.2e-09  freq=2 GHz
.

SP Sweep1[1].SP1[3/16] <EvenBenjamin_lib:ads1oppg1:schematic>  Lvar=2.4e-09  freq=2 GHz
.

SP Sweep1[1].SP1[4/16] <EvenBenjamin_lib:ads1oppg1:schematic>  Lvar=2.6e-09  freq=2 GHz
.

SP Sweep1[1].SP1[5/16] <EvenBenjamin_lib:ads1oppg1:schematic>  Lvar=2.8e-09  freq=2 GHz
.

SP Sweep1[1].SP1[6/16] <EvenBenjamin_lib:ads1oppg1:schematic>  Lvar=3e-09  freq=2 GHz
.

SP Sweep1[1].SP1[7/16] <EvenBenjamin_lib:ads1oppg1:schematic>  Lvar=3.2e-09  freq=2 GHz
.

SP Sweep1[1].SP1[8/16] <EvenBenjamin_lib:ads1oppg1:schematic>  Lvar=3.4e-09  freq=2 GHz
.

SP Sweep1[1].SP1[9/16] <EvenBenjamin_lib:ads1oppg1:schematic>  Lvar=3.6e-09  freq=2 GHz
.

SP Sweep1[1].SP1[10/16] <EvenBenjamin_lib:ads1oppg1:schematic>  Lvar=3.8e-09  freq=2 GHz
.

SP Sweep1[1].SP1[11/16] <EvenBenjamin_lib:ads1oppg1:schematic>  Lvar=4e-09  freq=2 GHz
.

SP Sweep1[1].SP1[12/16] <EvenBenjamin_lib:ads1oppg1:schematic>  Lvar=4.2e-09  freq=2 GHz
.

SP Sweep1[1].SP1[13/16] <EvenBenjamin_lib:ads1oppg1:schematic>  Lvar=4.4e-09  freq=2 GHz
.

SP Sweep1[1].SP1[14/16] <EvenBenjamin_lib:ads1oppg1:schematic>  Lvar=4.6e-09  freq=2 GHz
.

SP Sweep1[1].SP1[15/16] <EvenBenjamin_lib:ads1oppg1:schematic>  Lvar=4.8e-09  freq=2 GHz
.

SP Sweep1[1].SP1[16/16] <EvenBenjamin_lib:ads1oppg1:schematic>  Lvar=5e-09  freq=2 GHz
.

Resource usage:
  Total stopwatch time     =     0.26 seconds.

